<?xml version="1.0" encoding="UTF-8"?>
<!-- Generated by org.testng.reporters.JUnitXMLReporter -->
<testsuite hostname="DESKTOP-0F1P5O1" ignored="0" name="Test" tests="3" failures="0" timestamp="06 Jan 2021 12:58:10 GMT" time="0.102" errors="0">
  <testcase name="test1" time="0.032" classname="com.All_Selenium.TestNGParallel"/>
  <testcase name="test2" time="0.008" classname="com.All_Selenium.TestNGParallel"/>
  <testcase name="test3" time="0.008" classname="com.All_Selenium.TestNGParallel"/>
</testsuite> <!-- Test -->
